<?xml version="1.0" encoding="UTF-8"?>
<testng-results ignored="0" total="0" passed="0" failed="0" skipped="0">
  <reporter-output>
  </reporter-output>
  <suite started-at="2022-10-28T23:24:33 MSK" name="accordionlist.AccordionListTest" finished-at="2022-10-28T23:24:33 MSK" duration-ms="26">
    <groups>
    </groups>
    <test started-at="2022-10-28T23:24:33 MSK" name="Command line test" finished-at="2022-10-28T23:24:33 MSK" duration-ms="26">
    </test> <!-- Command line test -->
  </suite> <!-- accordionlist.AccordionListTest -->
</testng-results>
